
> incridea-registration@1.0.0 start /root/incridea/Incridea-Registration
> node server.js

Started Node Server on port 80
RowDataPacket {
  SI_NO: 1,
  username: 'admin',
  password: 'abcd1234',
  flag: 0,
  token: 'eyJhbGciOiJIUzI1NiIsInR5cCI6IkpXVCJ9.eyJ1c2VyIjoiYWRtaW4iLCJpYXQiOjE1MTc1NjIwMzF9.OisTgj4ZAbaMZy0I2jQvsZJSlGFrftXnkX44Di1UU4o' }
Terminated
npm ERR! code ELIFECYCLE
npm ERR! errno 143
npm ERR! incridea-registration@1.0.0 start: `node server.js`
npm ERR! Exit status 143
npm ERR! 
npm ERR! Failed at the incridea-registration@1.0.0 start script.
npm ERR! This is probably not a problem with npm. There is likely additional logging output above.

npm ERR! A complete log of this run can be found in:
npm ERR!     /root/.npm/_logs/2018-02-02T09_06_25_395Z-debug.log

> incridea-registration@1.0.0 start /root/incridea/Incridea-Registration
> node server.js

Started Node Server on port 80

> incridea-registration@1.0.0 start /root/incridea/Incridea-Registration
> node server.js

Started Node Server on port 80
